\BOOKMARK [-1][]{bnuchapter.1.-1}{\376\377\000F\000e\000d\000V\000i\000M\377\032\227\142\124\021\131\032\116\055\137\303\155\167\155\013\155\156\156\070\165\037\162\151\166\321\155\113\166\204\200\124\220\246\122\006\136\003\131\026\150\300\155\113\145\271\154\325\170\024\172\166}{}% 1
\BOOKMARK [0][]{bnuchapter.2.0}{}{bnuchapter.1.-1}% 2
\BOOKMARK [0][]{section*.4}{\376\377\144\130\211\201}{bnuchapter.1.-1}% 3
\BOOKMARK [0][]{section*.6}{\376\377\000A\000B\000S\000T\000R\000A\000C\000T}{bnuchapter.1.-1}% 4
\BOOKMARK [0][]{bnuchapter.3.0}{\376\377\166\356\137\125}{bnuchapter.1.-1}% 5
\BOOKMARK [0][]{bnuchapter.4.0}{\376\377\143\322\126\376\175\042\137\025}{bnuchapter.1.-1}% 6
\BOOKMARK [0][]{bnuchapter.5.0}{\376\377\210\150\150\074\175\042\137\025}{bnuchapter.1.-1}% 7
\BOOKMARK [0][]{chapter.1}{\376\377\173\054\0001\172\340\000\040\176\352\213\272}{bnuchapter.1.-1}% 8
\BOOKMARK [1][-]{section.1.1}{\376\377\0001\000.\0001\000\040\170\024\172\166\200\314\146\157\116\016\141\017\116\111}{chapter.1}% 9
\BOOKMARK [1][-]{section.1.2}{\376\377\0001\000.\0002\000\040\126\375\121\205\131\026\170\024\172\166\163\260\162\266}{chapter.1}% 10
\BOOKMARK [1][-]{section.1.3}{\376\377\0001\000.\0003\000\040\147\054\145\207\116\073\211\201\135\345\117\134}{chapter.1}% 11
\BOOKMARK [0][]{chapter.2}{\376\377\173\054\0002\172\340\000\040\145\271\154\325}{bnuchapter.1.-1}% 12
\BOOKMARK [1][-]{section.2.1}{\376\377\0002\000.\0001\000\040\225\356\230\230\213\276\133\232\116\016\145\164\117\123\150\106\147\266}{chapter.2}% 13
\BOOKMARK [1][-]{section.2.2}{\376\377\0002\000.\0002\000\040\000F\000e\000d\000V\000i\000M\000\040\116\016\000\040\000A\000C\000T\000-\000F\000e\000d\000V\000i\000M\000\040\166\204\147\204\220\040}{chapter.2}% 14
\BOOKMARK [1][-]{section.2.3}{\376\377\0002\000.\0003\000\040\200\124\220\246\176\317\232\214\150\041\121\306\116\016\000\040\000O\000O\000D\000\040\213\304\122\006}{chapter.2}% 15
\BOOKMARK [0][]{chapter.3}{\376\377\173\054\0003\172\340\000\040\133\236\232\214\213\276\213\241}{bnuchapter.1.-1}% 16
\BOOKMARK [1][-]{section.3.1}{\376\377\0003\000.\0001\000\040\145\160\143\156\226\306\060\001\000O\000O\000D\000\040\122\022\122\006\116\016\200\124\220\246\133\236\232\214\213\276\133\232}{chapter.3}% 17
\BOOKMARK [1][-]{section.3.2}{\376\377\0003\000.\0002\000\040\133\371\153\324\145\271\154\325\060\001\152\041\127\213\203\003\126\364\116\016\133\236\163\260\176\306\202\202}{chapter.3}% 18
\BOOKMARK [1][-]{section.3.3}{\376\377\0003\000.\0003\000\040\213\304\117\060\143\007\150\007\116\016\122\006\147\220\176\364\136\246}{chapter.3}% 19
\BOOKMARK [0][]{chapter.4}{\376\377\173\054\0004\172\340\000\040\133\236\232\214\176\323\147\234\116\016\122\006\147\220}{bnuchapter.1.-1}% 20
\BOOKMARK [1][-]{section.4.1}{\376\377\0004\000.\0001\000\040\140\073\117\123\176\323\147\234\116\016\116\073\211\201\123\321\163\260}{chapter.4}% 21
\BOOKMARK [1][-]{section.4.2}{\376\377\0004\000.\0002\000\040\116\016\000\040\000M\000S\000P\060\001\000E\000n\000e\000r\000g\000y\000\040\127\372\176\277\166\204\145\164\117\123\153\324\217\203}{chapter.4}% 22
\BOOKMARK [1][-]{section.4.3}{\376\377\0004\000.\0003\000\040\116\343\210\150\152\041\127\213\122\006\147\220}{chapter.4}% 23
\BOOKMARK [0][]{chapter.5}{\376\377\173\054\0005\172\340\000\040\176\323\213\272\116\016\134\125\147\033}{bnuchapter.1.-1}% 24
\BOOKMARK [0][]{section*.20}{\376\377\123\302\200\003\145\207\163\056}{bnuchapter.1.-1}% 25
\BOOKMARK [0][]{appendix.A}{\376\377\226\104\137\125\000\040\000A\000\040\226\104\137\125}{bnuchapter.1.-1}% 26
\BOOKMARK [1][-]{section.A.1}{\376\377\000A\000.\0001\000\040\121\150\134\100\123\117\145\271\135\356\221\315\147\204\121\154\137\017}{appendix.A}% 27
\BOOKMARK [1][-]{section.A.2}{\376\377\000A\000.\0002\000\040\116\224\152\041\127\213\133\214\145\164\131\007\116\375\176\323\147\234}{appendix.A}% 28
\BOOKMARK [1][-]{section.A.3}{\376\377\000A\000.\0003\000\040\150\070\137\303\173\227\154\325\133\236\163\260\116\343\170\001}{appendix.A}% 29
\BOOKMARK [2][-]{subsection.A.3.1}{\376\377\000A\000.\0003\000.\0001\000\040\000e\000v\000a\000l\000u\000a\000t\000e\000\137\000f\000e\000d\000v\000i\000m\000.\000p\000y}{section.A.3}% 30
\BOOKMARK [2][-]{subsection.A.3.2}{\376\377\000A\000.\0003\000.\0002\000\040\000a\000d\000v\000a\000n\000c\000e\000d\000\137\000f\000e\000d\000v\000i\000m\000.\000p\000y}{section.A.3}% 31
\BOOKMARK [0][]{section*.23}{\376\377\201\364\214\042}{bnuchapter.1.-1}% 32
